{"C:\\Users\\opeye\\Documents\\Web 2024\\Cromwell-Task-FullStack\\frontend\\src\\api.js": {"path":"C:\\Users\\opeye\\Documents\\Web 2024\\Cromwell-Task-FullStack\\frontend\\src\\api.js","statementMap":{"0":{"start":{"line":1,"column":24},"end":{"line":1,"column":62}},"1":{"start":{"line":1,"column":29},"end":{"line":1,"column":62}}},"fnMap":{"0":{"name":"(anonymous_0)","decl":{"start":{"line":1,"column":24},"end":{"line":1,"column":25}},"loc":{"start":{"line":1,"column":29},"end":{"line":1,"column":62}},"line":1}},"branchMap":{},"s":{"0":0,"1":0},"f":{"0":0},"b":{}}
,"C:\\Users\\opeye\\Documents\\Web 2024\\Cromwell-Task-FullStack\\frontend\\src\\actions\\userAction.js": {"path":"C:\\Users\\opeye\\Documents\\Web 2024\\Cromwell-Task-FullStack\\frontend\\src\\actions\\userAction.js","statementMap":{"0":{"start":{"line":4,"column":24},"end":{"line":13,"column":1}},"1":{"start":{"line":4,"column":32},"end":{"line":13,"column":1}},"2":{"start":{"line":6,"column":21},"end":{"line":6,"column":57}},"3":{"start":{"line":7,"column":4},"end":{"line":12,"column":7}}},"fnMap":{"0":{"name":"(anonymous_0)","decl":{"start":{"line":4,"column":24},"end":{"line":4,"column":25}},"loc":{"start":{"line":4,"column":32},"end":{"line":13,"column":1}},"line":4},"1":{"name":"(anonymous_1)","decl":{"start":{"line":4,"column":32},"end":{"line":4,"column":33}},"loc":{"start":{"line":4,"column":52},"end":{"line":13,"column":1}},"line":4}},"branchMap":{},"s":{"0":0,"1":0,"2":0,"3":0},"f":{"0":0,"1":0},"b":{}}
,"C:\\Users\\opeye\\Documents\\Web 2024\\Cromwell-Task-FullStack\\frontend\\src\\reducers\\index.js": {"path":"C:\\Users\\opeye\\Documents\\Web 2024\\Cromwell-Task-FullStack\\frontend\\src\\reducers\\index.js","statementMap":{"0":{"start":{"line":5,"column":20},"end":{"line":7,"column":2}}},"fnMap":{},"branchMap":{},"s":{"0":0},"f":{},"b":{}}
,"C:\\Users\\opeye\\Documents\\Web 2024\\Cromwell-Task-FullStack\\frontend\\src\\reducers\\userReducer.js": {"path":"C:\\Users\\opeye\\Documents\\Web 2024\\Cromwell-Task-FullStack\\frontend\\src\\reducers\\userReducer.js","statementMap":{"0":{"start":{"line":1,"column":18},"end":{"line":3,"column":1}},"1":{"start":{"line":5,"column":27},"end":{"line":15,"column":1}},"2":{"start":{"line":6,"column":4},"end":{"line":14,"column":5}},"3":{"start":{"line":8,"column":12},"end":{"line":11,"column":13}},"4":{"start":{"line":13,"column":12},"end":{"line":13,"column":31}}},"fnMap":{"0":{"name":"(anonymous_0)","decl":{"start":{"line":5,"column":27},"end":{"line":5,"column":28}},"loc":{"start":{"line":5,"column":58},"end":{"line":15,"column":1}},"line":5}},"branchMap":{"0":{"loc":{"start":{"line":5,"column":28},"end":{"line":5,"column":45}},"type":"default-arg","locations":[{"start":{"line":5,"column":36},"end":{"line":5,"column":45}}],"line":5},"1":{"loc":{"start":{"line":6,"column":4},"end":{"line":14,"column":5}},"type":"switch","locations":[{"start":{"line":7,"column":8},"end":{"line":11,"column":13}},{"start":{"line":12,"column":8},"end":{"line":13,"column":31}}],"line":6}},"s":{"0":0,"1":0,"2":0,"3":0,"4":0},"f":{"0":0},"b":{"0":[0],"1":[0,0]}}
}
